# JRE version: OpenJDK Runtime Environment (8.0_112-b06) (build 1.8.0_112-release-b06)
# Java VM: OpenJDK 64-Bit Server VM (25.112-b06 mixed mode linux-amd64 compressed oops)
Heap:
 PSYoungGen      total 397312K, used 394907K [0x00000000e0000000, 0x0000000100000000, 0x0000000100000000)
  eden space 303104K, 100% used [0x00000000e0000000,0x00000000f2800000,0x00000000f2800000)
  from space 94208K, 97% used [0x00000000f9f80000,0x00000000ff926c38,0x00000000ffb80000)
  to   space 110592K, 69% used [0x00000000f2800000,0x00000000f7380e30,0x00000000f9400000)
 ParOldGen       total 608768K, used 472505K [0x00000000a0000000, 0x00000000c5280000, 0x00000000e0000000)
  object space 608768K, 77% used [0x00000000a0000000,0x00000000bcd6e778,0x00000000c5280000)
 Metaspace       used 108680K, capacity 117146K, committed 120832K, reserved 1155072K
  class space    used 13373K, capacity 14432K, committed 15104K, reserved 1048576K
GC Heap History (10 events):
Event: 18539.287 GC heap after
Heap after GC invocations=126 (full 20):
 PSYoungGen      total 413184K, used 35917K [0x00000000e0000000, 0x0000000100000000, 0x0000000100000000)
  eden space 308736K, 0% used [0x00000000e0000000,0x00000000e0000000,0x00000000f2d80000)
  from space 104448K, 34% used [0x00000000f8d80000,0x00000000fb093780,0x00000000ff380000)
  to   space 98304K, 0% used [0x00000000f2d80000,0x00000000f2d80000,0x00000000f8d80000)
 ParOldGen       total 608768K, used 400188K [0x00000000a0000000, 0x00000000c5280000, 0x00000000e0000000)
  object space 608768K, 65% used [0x00000000a0000000,0x00000000b86cf188,0x00000000c5280000)
 Metaspace       used 102020K, capacity 109946K, committed 120832K, reserved 1155072K
  class space    used 12517K, capacity 13496K, committed 15104K, reserved 1048576K
}
Event: 18542.219 GC heap before
{Heap before GC invocations=127 (full 20):
 PSYoungGen      total 413184K, used 344653K [0x00000000e0000000, 0x0000000100000000, 0x0000000100000000)
  eden space 308736K, 100% used [0x00000000e0000000,0x00000000f2d80000,0x00000000f2d80000)
  from space 104448K, 34% used [0x00000000f8d80000,0x00000000fb093780,0x00000000ff380000)
  to   space 98304K, 0% used [0x00000000f2d80000,0x00000000f2d80000,0x00000000f8d80000)
 ParOldGen       total 608768K, used 400188K [0x00000000a0000000, 0x00000000c5280000, 0x00000000e0000000)
  object space 608768K, 65% used [0x00000000a0000000,0x00000000b86cf188,0x00000000c5280000)
 Metaspace       used 102049K, capacity 110022K, committed 120832K, reserved 1155072K
  class space    used 12518K, capacity 13498K, committed 15104K, reserved 1048576K
Event: 18542.816 GC heap after
Heap after GC invocations=127 (full 20):
 PSYoungGen      total 407040K, used 12290K [0x00000000e0000000, 0x00000000ff700000, 0x0000000100000000)
  eden space 308736K, 0% used [0x00000000e0000000,0x00000000e0000000,0x00000000f2d80000)
  from space 98304K, 12% used [0x00000000f2d80000,0x00000000f3980ae0,0x00000000f8d80000)
  to   space 96768K, 0% used [0x00000000f9880000,0x00000000f9880000,0x00000000ff700000)
 ParOldGen       total 608768K, used 413567K [0x00000000a0000000, 0x00000000c5280000, 0x00000000e0000000)
  object space 608768K, 67% used [0x00000000a0000000,0x00000000b93dff30,0x00000000c5280000)
 Metaspace       used 102049K, capacity 110022K, committed 120832K, reserved 1155072K
  class space    used 12518K, capacity 13498K, committed 15104K, reserved 1048576K
}
Event: 18543.655 GC heap before
{Heap before GC invocations=128 (full 20):
 PSYoungGen      total 407040K, used 320462K [0x00000000e0000000, 0x00000000ff700000, 0x0000000100000000)
  eden space 308736K, 99% used [0x00000000e0000000,0x00000000f2cf2fc0,0x00000000f2d80000)
  from space 98304K, 12% used [0x00000000f2d80000,0x00000000f3980ae0,0x00000000f8d80000)
  to   space 96768K, 0% used [0x00000000f9880000,0x00000000f9880000,0x00000000ff700000)
 ParOldGen       total 608768K, used 413567K [0x00000000a0000000, 0x00000000c5280000, 0x00000000e0000000)
  object space 608768K, 67% used [0x00000000a0000000,0x00000000b93dff30,0x00000000c5280000)
 Metaspace       used 102057K, capacity 110028K, committed 120832K, reserved 1155072K
  class space    used 12518K, capacity 13499K, committed 15104K, reserved 1048576K
Event: 18543.787 GC heap after
Heap after GC invocations=128 (full 20):
 PSYoungGen      total 418816K, used 3989K [0x00000000e0000000, 0x00000000ffd80000, 0x0000000100000000)
  eden space 322048K, 0% used [0x00000000e0000000,0x00000000e0000000,0x00000000f3a80000)
  from space 96768K, 4% used [0x00000000f9880000,0x00000000f9c657e0,0x00000000ff700000)
  to   space 96256K, 0% used [0x00000000f3a80000,0x00000000f3a80000,0x00000000f9880000)
 ParOldGen       total 608768K, used 421084K [0x00000000a0000000, 0x00000000c5280000, 0x00000000e0000000)
  object space 608768K, 69% used [0x00000000a0000000,0x00000000b9b37298,0x00000000c5280000)
 Metaspace       used 102057K, capacity 110028K, committed 120832K, reserved 1155072K
  class space    used 12518K, capacity 13499K, committed 15104K, reserved 1048576K
}
Event: 18766.767 GC heap before
{Heap before GC invocations=129 (full 20):
 PSYoungGen      total 418816K, used 326037K [0x00000000e0000000, 0x00000000ffd80000, 0x0000000100000000)
  eden space 322048K, 100% used [0x00000000e0000000,0x00000000f3a80000,0x00000000f3a80000)
  from space 96768K, 4% used [0x00000000f9880000,0x00000000f9c657e0,0x00000000ff700000)
  to   space 96256K, 0% used [0x00000000f3a80000,0x00000000f3a80000,0x00000000f9880000)
 ParOldGen       total 608768K, used 421084K [0x00000000a0000000, 0x00000000c5280000, 0x00000000e0000000)
  object space 608768K, 69% used [0x00000000a0000000,0x00000000b9b37298,0x00000000c5280000)
 Metaspace       used 102142K, capacity 110194K, committed 120832K, reserved 1155072K
  class space    used 12534K, capacity 13520K, committed 15104K, reserved 1048576K
Event: 18766.819 GC heap after
Heap after GC invocations=129 (full 20):
 PSYoungGen      total 418304K, used 7056K [0x00000000e0000000, 0x00000000ffb80000, 0x0000000100000000)
  eden space 322048K, 0% used [0x00000000e0000000,0x00000000e0000000,0x00000000f3a80000)
  from space 96256K, 7% used [0x00000000f3a80000,0x00000000f4164040,0x00000000f9880000)
  to   space 94208K, 0% used [0x00000000f9f80000,0x00000000f9f80000,0x00000000ffb80000)
 ParOldGen       total 608768K, used 421132K [0x00000000a0000000, 0x00000000c5280000, 0x00000000e0000000)
  object space 608768K, 69% used [0x00000000a0000000,0x00000000b9b43298,0x00000000c5280000)
 Metaspace       used 102142K, capacity 110194K, committed 120832K, reserved 1155072K
  class space    used 12534K, capacity 13520K, committed 15104K, reserved 1048576K
}
Event: 18770.723 GC heap before
{Heap before GC invocations=130 (full 20):
 PSYoungGen      total 418304K, used 329082K [0x00000000e0000000, 0x00000000ffb80000, 0x0000000100000000)
  eden space 322048K, 99% used [0x00000000e0000000,0x00000000f3a7a838,0x00000000f3a80000)
  from space 96256K, 7% used [0x00000000f3a80000,0x00000000f4164040,0x00000000f9880000)
  to   space 94208K, 0% used [0x00000000f9f80000,0x00000000f9f80000,0x00000000ffb80000)
 ParOldGen       total 608768K, used 421132K [0x00000000a0000000, 0x00000000c5280000, 0x00000000e0000000)
  object space 608768K, 69% used [0x00000000a0000000,0x00000000b9b43298,0x00000000c5280000)
 Metaspace       used 105374K, capacity 113564K, committed 120832K, reserved 1155072K
  class space    used 12947K, capacity 13967K, committed 15104K, reserved 1048576K
Event: 18773.002 GC heap after
Heap after GC invocations=130 (full 20):
 PSYoungGen      total 397312K, used 91803K [0x00000000e0000000, 0x0000000100000000, 0x0000000100000000)
  eden space 303104K, 0% used [0x00000000e0000000,0x00000000e0000000,0x00000000f2800000)
  from space 94208K, 97% used [0x00000000f9f80000,0x00000000ff926c38,0x00000000ffb80000)
  to   space 110592K, 0% used [0x00000000f2800000,0x00000000f2800000,0x00000000f9400000)
 ParOldGen       total 608768K, used 425892K [0x00000000a0000000, 0x00000000c5280000, 0x00000000e0000000)
  object space 608768K, 69% used [0x00000000a0000000,0x00000000b9fe9318,0x00000000c5280000)
 Metaspace       used 105374K, capacity 113564K, committed 120832K, reserved 1155072K
  class space    used 12947K, capacity 13967K, committed 15104K, reserved 1048576K
}
Event: 19140.555 GC heap before
{Heap before GC invocations=131 (full 20):
 PSYoungGen      total 397312K, used 394907K [0x00000000e0000000, 0x0000000100000000, 0x0000000100000000)
  eden space 303104K, 100% used [0x00000000e0000000,0x00000000f2800000,0x00000000f2800000)
  from space 94208K, 97% used [0x00000000f9f80000,0x00000000ff926c38,0x00000000ffb80000)
  to   space 110592K, 0% used [0x00000000f2800000,0x00000000f2800000,0x00000000f9400000)
 ParOldGen       total 608768K, used 425892K [0x00000000a0000000, 0x00000000c5280000, 0x00000000e0000000)
  object space 608768K, 69% used [0x00000000a0000000,0x00000000b9fe9318,0x00000000c5280000)
 Metaspace       used 108680K, capacity 117146K, committed 120832K, reserved 1155072K
  class space    used 13373K, capacity 14432K, committed 15104K, reserved 1048576K

