# JRE version: OpenJDK Runtime Environment (8.0_112-b06) (build 1.8.0_112-release-b06)
# Java VM: OpenJDK 64-Bit Server VM (25.112-b06 mixed mode linux-amd64 compressed oops)
Heap:
 PSYoungGen      total 384512K, used 32729K [0x00000000e0000000, 0x00000000ff600000, 0x0000000100000000)
  eden space 254976K, 0% used [0x00000000e0000000,0x00000000e0000000,0x00000000ef900000)
  from space 129536K, 25% used [0x00000000f7780000,0x00000000f97767e0,0x00000000ff600000)
  to   space 129536K, 0% used [0x00000000ef900000,0x00000000ef900000,0x00000000f7780000)
 ParOldGen       total 851456K, used 784926K [0x00000000a0000000, 0x00000000d3f80000, 0x00000000e0000000)
  object space 851456K, 92% used [0x00000000a0000000,0x00000000cfe87b20,0x00000000d3f80000)
 Metaspace       used 117811K, capacity 126904K, committed 131200K, reserved 1165312K
  class space    used 14481K, capacity 15532K, committed 16256K, reserved 1048576K
GC Heap History (10 events):
Event: 15404.341 GC heap after
Heap after GC invocations=194 (full 24):
 PSYoungGen      total 384512K, used 2488K [0x00000000e0000000, 0x0000000100000000, 0x0000000100000000)
  eden space 245760K, 0% used [0x00000000e0000000,0x00000000e0000000,0x00000000ef000000)
  from space 138752K, 1% used [0x00000000f7880000,0x00000000f7aee0b8,0x0000000100000000)
  to   space 139264K, 0% used [0x00000000ef000000,0x00000000ef000000,0x00000000f7800000)
 ParOldGen       total 851456K, used 622460K [0x00000000a0000000, 0x00000000d3f80000, 0x00000000e0000000)
  object space 851456K, 73% used [0x00000000a0000000,0x00000000c5fdf2c0,0x00000000d3f80000)
 Metaspace       used 111178K, capacity 119896K, committed 131200K, reserved 1165312K
  class space    used 13633K, capacity 14616K, committed 16256K, reserved 1048576K
}
Event: 15905.292 GC heap before
{Heap before GC invocations=195 (full 24):
 PSYoungGen      total 384512K, used 248248K [0x00000000e0000000, 0x0000000100000000, 0x0000000100000000)
  eden space 245760K, 100% used [0x00000000e0000000,0x00000000ef000000,0x00000000ef000000)
  from space 138752K, 1% used [0x00000000f7880000,0x00000000f7aee0b8,0x0000000100000000)
  to   space 139264K, 0% used [0x00000000ef000000,0x00000000ef000000,0x00000000f7800000)
 ParOldGen       total 851456K, used 622460K [0x00000000a0000000, 0x00000000d3f80000, 0x00000000e0000000)
  object space 851456K, 73% used [0x00000000a0000000,0x00000000c5fdf2c0,0x00000000d3f80000)
 Metaspace       used 114459K, capacity 123344K, committed 131200K, reserved 1165312K
  class space    used 14052K, capacity 15068K, committed 16256K, reserved 1048576K
Event: 15905.365 GC heap after
Heap after GC invocations=195 (full 24):
 PSYoungGen      total 321024K, used 75128K [0x00000000e0000000, 0x0000000100000000, 0x0000000100000000)
  eden space 245760K, 0% used [0x00000000e0000000,0x00000000e0000000,0x00000000ef000000)
  from space 75264K, 99% used [0x00000000ef000000,0x00000000f395e398,0x00000000f3980000)
  to   space 139776K, 0% used [0x00000000f7780000,0x00000000f7780000,0x0000000100000000)
 ParOldGen       total 851456K, used 622904K [0x00000000a0000000, 0x00000000d3f80000, 0x00000000e0000000)
  object space 851456K, 73% used [0x00000000a0000000,0x00000000c604e2d0,0x00000000d3f80000)
 Metaspace       used 114459K, capacity 123344K, committed 131200K, reserved 1165312K
  class space    used 14052K, capacity 15068K, committed 16256K, reserved 1048576K
}
Event: 16095.638 GC heap before
{Heap before GC invocations=196 (full 24):
 PSYoungGen      total 321024K, used 320888K [0x00000000e0000000, 0x0000000100000000, 0x0000000100000000)
  eden space 245760K, 100% used [0x00000000e0000000,0x00000000ef000000,0x00000000ef000000)
  from space 75264K, 99% used [0x00000000ef000000,0x00000000f395e398,0x00000000f3980000)
  to   space 139776K, 0% used [0x00000000f7780000,0x00000000f7780000,0x0000000100000000)
 ParOldGen       total 851456K, used 622904K [0x00000000a0000000, 0x00000000d3f80000, 0x00000000e0000000)
  object space 851456K, 73% used [0x00000000a0000000,0x00000000c604e2d0,0x00000000d3f80000)
 Metaspace       used 114493K, capacity 123432K, committed 131200K, reserved 1165312K
  class space    used 14060K, capacity 15076K, committed 16256K, reserved 1048576K
Event: 16095.734 GC heap after
Heap after GC invocations=196 (full 24):
 PSYoungGen      total 389632K, used 31140K [0x00000000e0000000, 0x0000000100000000, 0x0000000100000000)
  eden space 249856K, 0% used [0x00000000e0000000,0x00000000e0000000,0x00000000ef400000)
  from space 139776K, 22% used [0x00000000f7780000,0x00000000f95e9100,0x0000000100000000)
  to   space 134656K, 0% used [0x00000000ef400000,0x00000000ef400000,0x00000000f7780000)
 ParOldGen       total 851456K, used 687979K [0x00000000a0000000, 0x00000000d3f80000, 0x00000000e0000000)
  object space 851456K, 80% used [0x00000000a0000000,0x00000000c9fdaf00,0x00000000d3f80000)
 Metaspace       used 114493K, capacity 123432K, committed 131200K, reserved 1165312K
  class space    used 14060K, capacity 15076K, committed 16256K, reserved 1048576K
}
Event: 16099.493 GC heap before
{Heap before GC invocations=197 (full 24):
 PSYoungGen      total 389632K, used 280996K [0x00000000e0000000, 0x0000000100000000, 0x0000000100000000)
  eden space 249856K, 100% used [0x00000000e0000000,0x00000000ef400000,0x00000000ef400000)
  from space 139776K, 22% used [0x00000000f7780000,0x00000000f95e9100,0x0000000100000000)
  to   space 134656K, 0% used [0x00000000ef400000,0x00000000ef400000,0x00000000f7780000)
 ParOldGen       total 851456K, used 687979K [0x00000000a0000000, 0x00000000d3f80000, 0x00000000e0000000)
  object space 851456K, 80% used [0x00000000a0000000,0x00000000c9fdaf00,0x00000000d3f80000)
 Metaspace       used 117224K, capacity 126192K, committed 131200K, reserved 1165312K
  class space    used 14360K, capacity 15388K, committed 16256K, reserved 1048576K
Event: 16099.592 GC heap after
Heap after GC invocations=197 (full 24):
 PSYoungGen      total 384512K, used 73199K [0x00000000e0000000, 0x00000000ffb00000, 0x0000000100000000)
  eden space 249856K, 0% used [0x00000000e0000000,0x00000000e0000000,0x00000000ef400000)
  from space 134656K, 54% used [0x00000000ef400000,0x00000000f3b7bc48,0x00000000f7780000)
  to   space 134656K, 0% used [0x00000000f7780000,0x00000000f7780000,0x00000000ffb00000)
 ParOldGen       total 851456K, used 718368K [0x00000000a0000000, 0x00000000d3f80000, 0x00000000e0000000)
  object space 851456K, 84% used [0x00000000a0000000,0x00000000cbd88220,0x00000000d3f80000)
 Metaspace       used 117224K, capacity 126192K, committed 131200K, reserved 1165312K
  class space    used 14360K, capacity 15388K, committed 16256K, reserved 1048576K
}
Event: 16136.579 GC heap before
{Heap before GC invocations=198 (full 24):
 PSYoungGen      total 384512K, used 323055K [0x00000000e0000000, 0x00000000ffb00000, 0x0000000100000000)
  eden space 249856K, 100% used [0x00000000e0000000,0x00000000ef400000,0x00000000ef400000)
  from space 134656K, 54% used [0x00000000ef400000,0x00000000f3b7bc48,0x00000000f7780000)
  to   space 134656K, 0% used [0x00000000f7780000,0x00000000f7780000,0x00000000ffb00000)
 ParOldGen       total 851456K, used 718368K [0x00000000a0000000, 0x00000000d3f80000, 0x00000000e0000000)
  object space 851456K, 84% used [0x00000000a0000000,0x00000000cbd88220,0x00000000d3f80000)
 Metaspace       used 117811K, capacity 126904K, committed 131200K, reserved 1165312K
  class space    used 14481K, capacity 15532K, committed 16256K, reserved 1048576K
Event: 16136.723 GC heap after
Heap after GC invocations=198 (full 24):
 PSYoungGen      total 384512K, used 32729K [0x00000000e0000000, 0x00000000ff600000, 0x0000000100000000)
  eden space 254976K, 0% used [0x00000000e0000000,0x00000000e0000000,0x00000000ef900000)
  from space 129536K, 25% used [0x00000000f7780000,0x00000000f97767e0,0x00000000ff600000)
  to   space 129536K, 0% used [0x00000000ef900000,0x00000000ef900000,0x00000000f7780000)
 ParOldGen       total 851456K, used 784926K [0x00000000a0000000, 0x00000000d3f80000, 0x00000000e0000000)
  object space 851456K, 92% used [0x00000000a0000000,0x00000000cfe87b20,0x00000000d3f80000)
 Metaspace       used 117811K, capacity 126904K, committed 131200K, reserved 1165312K
  class space    used 14481K, capacity 15532K, committed 16256K, reserved 1048576K
}
Event: 16136.723 GC heap before
{Heap before GC invocations=199 (full 25):
 PSYoungGen      total 384512K, used 32729K [0x00000000e0000000, 0x00000000ff600000, 0x0000000100000000)
  eden space 254976K, 0% used [0x00000000e0000000,0x00000000e0000000,0x00000000ef900000)
  from space 129536K, 25% used [0x00000000f7780000,0x00000000f97767e0,0x00000000ff600000)
  to   space 129536K, 0% used [0x00000000ef900000,0x00000000ef900000,0x00000000f7780000)
 ParOldGen       total 851456K, used 784926K [0x00000000a0000000, 0x00000000d3f80000, 0x00000000e0000000)
  object space 851456K, 92% used [0x00000000a0000000,0x00000000cfe87b20,0x00000000d3f80000)
 Metaspace       used 117811K, capacity 126904K, committed 131200K, reserved 1165312K
  class space    used 14481K, capacity 15532K, committed 16256K, reserved 1048576K

