# JRE version: OpenJDK Runtime Environment (8.0_112-b06) (build 1.8.0_112-release-b06)
# Java VM: OpenJDK 64-Bit Server VM (25.112-b06 mixed mode linux-amd64 compressed oops)
Heap:
 PSYoungGen      total 93696K, used 54586K [0x00000000e0000000, 0x00000000e8300000, 0x0000000100000000)
  eden space 82944K, 53% used [0x00000000e0000000,0x00000000e2b66000,0x00000000e5100000)
  from space 10752K, 94% used [0x00000000e5100000,0x00000000e5ae8a60,0x00000000e5b80000)
  to   space 11776K, 0% used [0x00000000e7780000,0x00000000e7780000,0x00000000e8300000)
 ParOldGen       total 68608K, used 14382K [0x00000000a0000000, 0x00000000a4300000, 0x00000000e0000000)
  object space 68608K, 20% used [0x00000000a0000000,0x00000000a0e0b8d0,0x00000000a4300000)
 Metaspace       used 46813K, capacity 48076K, committed 48432K, reserved 1091584K
  class space    used 6295K, capacity 6581K, committed 6704K, reserved 1048576K
GC Heap History (10 events):
Event: 16.420 GC heap before
{Heap before GC invocations=13 (full 1):
 PSYoungGen      total 54784K, used 15977K [0x00000000e0000000, 0x00000000e4f80000, 0x0000000100000000)
  eden space 46080K, 15% used [0x00000000e0000000,0x00000000e071de10,0x00000000e2d00000)
  from space 8704K, 99% used [0x00000000e2d00000,0x00000000e357c6a8,0x00000000e3580000)
  to   space 9728K, 0% used [0x00000000e4600000,0x00000000e4600000,0x00000000e4f80000)
 ParOldGen       total 53760K, used 11110K [0x00000000a0000000, 0x00000000a3480000, 0x00000000e0000000)
  object space 53760K, 20% used [0x00000000a0000000,0x00000000a0ad99e0,0x00000000a3480000)
 Metaspace       used 34668K, capacity 35226K, committed 35496K, reserved 1079296K
  class space    used 4649K, capacity 4855K, committed 4912K, reserved 1048576K
Event: 16.443 GC heap after
Heap after GC invocations=13 (full 1):
 PSYoungGen      total 71168K, used 7423K [0x00000000e0000000, 0x00000000e5680000, 0x0000000100000000)
  eden space 61440K, 0% used [0x00000000e0000000,0x00000000e0000000,0x00000000e3c00000)
  from space 9728K, 76% used [0x00000000e4600000,0x00000000e4d3ff68,0x00000000e4f80000)
  to   space 10240K, 0% used [0x00000000e3c00000,0x00000000e3c00000,0x00000000e4600000)
 ParOldGen       total 53760K, used 11182K [0x00000000a0000000, 0x00000000a3480000, 0x00000000e0000000)
  object space 53760K, 20% used [0x00000000a0000000,0x00000000a0aeb9f0,0x00000000a3480000)
 Metaspace       used 34668K, capacity 35226K, committed 35496K, reserved 1079296K
  class space    used 4649K, capacity 4855K, committed 4912K, reserved 1048576K
}
Event: 16.443 GC heap before
{Heap before GC invocations=14 (full 2):
 PSYoungGen      total 71168K, used 7423K [0x00000000e0000000, 0x00000000e5680000, 0x0000000100000000)
  eden space 61440K, 0% used [0x00000000e0000000,0x00000000e0000000,0x00000000e3c00000)
  from space 9728K, 76% used [0x00000000e4600000,0x00000000e4d3ff68,0x00000000e4f80000)
  to   space 10240K, 0% used [0x00000000e3c00000,0x00000000e3c00000,0x00000000e4600000)
 ParOldGen       total 53760K, used 11182K [0x00000000a0000000, 0x00000000a3480000, 0x00000000e0000000)
  object space 53760K, 20% used [0x00000000a0000000,0x00000000a0aeb9f0,0x00000000a3480000)
 Metaspace       used 34668K, capacity 35226K, committed 35496K, reserved 1079296K
  class space    used 4649K, capacity 4855K, committed 4912K, reserved 1048576K
Event: 16.632 GC heap after
Heap after GC invocations=14 (full 2):
 PSYoungGen      total 71168K, used 0K [0x00000000e0000000, 0x00000000e5680000, 0x0000000100000000)
  eden space 61440K, 0% used [0x00000000e0000000,0x00000000e0000000,0x00000000e3c00000)
  from space 9728K, 0% used [0x00000000e4600000,0x00000000e4600000,0x00000000e4f80000)
  to   space 10240K, 0% used [0x00000000e3c00000,0x00000000e3c00000,0x00000000e4600000)
 ParOldGen       total 68608K, used 14358K [0x00000000a0000000, 0x00000000a4300000, 0x00000000e0000000)
  object space 68608K, 20% used [0x00000000a0000000,0x00000000a0e058d0,0x00000000a4300000)
 Metaspace       used 34668K, capacity 35226K, committed 35496K, reserved 1079296K
  class space    used 4649K, capacity 4855K, committed 4912K, reserved 1048576K
}
Event: 18.820 GC heap before
{Heap before GC invocations=15 (full 2):
 PSYoungGen      total 71168K, used 61440K [0x00000000e0000000, 0x00000000e5680000, 0x0000000100000000)
  eden space 61440K, 100% used [0x00000000e0000000,0x00000000e3c00000,0x00000000e3c00000)
  from space 9728K, 0% used [0x00000000e4600000,0x00000000e4600000,0x00000000e4f80000)
  to   space 10240K, 0% used [0x00000000e3c00000,0x00000000e3c00000,0x00000000e4600000)
 ParOldGen       total 68608K, used 14358K [0x00000000a0000000, 0x00000000a4300000, 0x00000000e0000000)
  object space 68608K, 20% used [0x00000000a0000000,0x00000000a0e058d0,0x00000000a4300000)
 Metaspace       used 38083K, capacity 38782K, committed 39216K, reserved 1083392K
  class space    used 5108K, capacity 5312K, committed 5424K, reserved 1048576K
Event: 18.831 GC heap after
Heap after GC invocations=15 (full 2):
 PSYoungGen      total 71680K, used 7317K [0x00000000e0000000, 0x00000000e6700000, 0x0000000100000000)
  eden space 61440K, 0% used [0x00000000e0000000,0x00000000e0000000,0x00000000e3c00000)
  from space 10240K, 71% used [0x00000000e3c00000,0x00000000e4325468,0x00000000e4600000)
  to   space 10240K, 0% used [0x00000000e5d00000,0x00000000e5d00000,0x00000000e6700000)
 ParOldGen       total 68608K, used 14366K [0x00000000a0000000, 0x00000000a4300000, 0x00000000e0000000)
  object space 68608K, 20% used [0x00000000a0000000,0x00000000a0e078d0,0x00000000a4300000)
 Metaspace       used 38083K, capacity 38782K, committed 39216K, reserved 1083392K
  class space    used 5108K, capacity 5312K, committed 5424K, reserved 1048576K
}
Event: 20.561 GC heap before
{Heap before GC invocations=16 (full 2):
 PSYoungGen      total 71680K, used 68757K [0x00000000e0000000, 0x00000000e6700000, 0x0000000100000000)
  eden space 61440K, 100% used [0x00000000e0000000,0x00000000e3c00000,0x00000000e3c00000)
  from space 10240K, 71% used [0x00000000e3c00000,0x00000000e4325468,0x00000000e4600000)
  to   space 10240K, 0% used [0x00000000e5d00000,0x00000000e5d00000,0x00000000e6700000)
 ParOldGen       total 68608K, used 14366K [0x00000000a0000000, 0x00000000a4300000, 0x00000000e0000000)
  object space 68608K, 20% used [0x00000000a0000000,0x00000000a0e078d0,0x00000000a4300000)
 Metaspace       used 41995K, capacity 42810K, committed 43056K, reserved 1087488K
  class space    used 5620K, capacity 5858K, committed 5936K, reserved 1048576K
Event: 20.573 GC heap after
Heap after GC invocations=16 (full 2):
 PSYoungGen      total 92160K, used 8016K [0x00000000e0000000, 0x00000000e6600000, 0x0000000100000000)
  eden space 82944K, 0% used [0x00000000e0000000,0x00000000e0000000,0x00000000e5100000)
  from space 9216K, 86% used [0x00000000e5d00000,0x00000000e64d4000,0x00000000e6600000)
  to   space 10752K, 0% used [0x00000000e5100000,0x00000000e5100000,0x00000000e5b80000)
 ParOldGen       total 68608K, used 14374K [0x00000000a0000000, 0x00000000a4300000, 0x00000000e0000000)
  object space 68608K, 20% used [0x00000000a0000000,0x00000000a0e098d0,0x00000000a4300000)
 Metaspace       used 41995K, capacity 42810K, committed 43056K, reserved 1087488K
  class space    used 5620K, capacity 5858K, committed 5936K, reserved 1048576K
}
Event: 22.406 GC heap before
{Heap before GC invocations=17 (full 2):
 PSYoungGen      total 92160K, used 90960K [0x00000000e0000000, 0x00000000e6600000, 0x0000000100000000)
  eden space 82944K, 100% used [0x00000000e0000000,0x00000000e5100000,0x00000000e5100000)
  from space 9216K, 86% used [0x00000000e5d00000,0x00000000e64d4000,0x00000000e6600000)
  to   space 10752K, 0% used [0x00000000e5100000,0x00000000e5100000,0x00000000e5b80000)
 ParOldGen       total 68608K, used 14374K [0x00000000a0000000, 0x00000000a4300000, 0x00000000e0000000)
  object space 68608K, 20% used [0x00000000a0000000,0x00000000a0e098d0,0x00000000a4300000)
 Metaspace       used 43776K, capacity 44774K, committed 45104K, reserved 1087488K
  class space    used 5828K, capacity 6078K, committed 6192K, reserved 1048576K
Event: 22.433 GC heap after
Heap after GC invocations=17 (full 2):
 PSYoungGen      total 93696K, used 10146K [0x00000000e0000000, 0x00000000e8300000, 0x0000000100000000)
  eden space 82944K, 0% used [0x00000000e0000000,0x00000000e0000000,0x00000000e5100000)
  from space 10752K, 94% used [0x00000000e5100000,0x00000000e5ae8a60,0x00000000e5b80000)
  to   space 11776K, 0% used [0x00000000e7780000,0x00000000e7780000,0x00000000e8300000)
 ParOldGen       total 68608K, used 14382K [0x00000000a0000000, 0x00000000a4300000, 0x00000000e0000000)
  object space 68608K, 20% used [0x00000000a0000000,0x00000000a0e0b8d0,0x00000000a4300000)
 Metaspace       used 43776K, capacity 44774K, committed 45104K, reserved 1087488K
  class space    used 5828K, capacity 6078K, committed 6192K, reserved 1048576K
}

