# JRE version: OpenJDK Runtime Environment (8.0_112-b06) (build 1.8.0_112-release-b06)
# Java VM: OpenJDK 64-Bit Server VM (25.112-b06 mixed mode linux-amd64 compressed oops)
Heap:
 PSYoungGen      total 382976K, used 16921K [0x00000000e0000000, 0x00000000fc100000, 0x0000000100000000)
  eden space 305152K, 0% used [0x00000000e0000000,0x00000000e0000000,0x00000000f2a00000)
  from space 77824K, 21% used [0x00000000f7300000,0x00000000f8386780,0x00000000fbf00000)
  to   space 74752K, 0% used [0x00000000f2a00000,0x00000000f2a00000,0x00000000f7300000)
 ParOldGen       total 246784K, used 213056K [0x00000000a0000000, 0x00000000af100000, 0x00000000e0000000)
  object space 246784K, 86% used [0x00000000a0000000,0x00000000ad010148,0x00000000af100000)
 Metaspace       used 74718K, capacity 77118K, committed 77232K, reserved 1116160K
  class space    used 9550K, capacity 10049K, committed 10160K, reserved 1048576K
GC Heap History (10 events):
Event: 46.767 GC heap after
Heap after GC invocations=16 (full 3):
 PSYoungGen      total 202752K, used 22517K [0x00000000e0000000, 0x00000000f3b00000, 0x0000000100000000)
  eden space 180224K, 0% used [0x00000000e0000000,0x00000000e0000000,0x00000000eb000000)
  from space 22528K, 99% used [0x00000000eb000000,0x00000000ec5fd7f8,0x00000000ec600000)
  to   space 44544K, 0% used [0x00000000f0f80000,0x00000000f0f80000,0x00000000f3b00000)
 ParOldGen       total 124928K, used 91221K [0x00000000a0000000, 0x00000000a7a00000, 0x00000000e0000000)
  object space 124928K, 73% used [0x00000000a0000000,0x00000000a5915610,0x00000000a7a00000)
 Metaspace       used 65877K, capacity 67846K, committed 68016K, reserved 1107968K
  class space    used 8641K, capacity 9033K, committed 9136K, reserved 1048576K
}
Event: 342.355 GC heap before
{Heap before GC invocations=17 (full 3):
 PSYoungGen      total 202752K, used 202741K [0x00000000e0000000, 0x00000000f3b00000, 0x0000000100000000)
  eden space 180224K, 100% used [0x00000000e0000000,0x00000000eb000000,0x00000000eb000000)
  from space 22528K, 99% used [0x00000000eb000000,0x00000000ec5fd7f8,0x00000000ec600000)
  to   space 44544K, 0% used [0x00000000f0f80000,0x00000000f0f80000,0x00000000f3b00000)
 ParOldGen       total 124928K, used 91221K [0x00000000a0000000, 0x00000000a7a00000, 0x00000000e0000000)
  object space 124928K, 73% used [0x00000000a0000000,0x00000000a5915610,0x00000000a7a00000)
 Metaspace       used 69734K, capacity 71874K, committed 71984K, reserved 1112064K
  class space    used 8978K, capacity 9427K, committed 9520K, reserved 1048576K
Event: 342.637 GC heap after
Heap after GC invocations=17 (full 3):
 PSYoungGen      total 267264K, used 44514K [0x00000000e0000000, 0x00000000f4900000, 0x0000000100000000)
  eden space 222720K, 0% used [0x00000000e0000000,0x00000000e0000000,0x00000000ed980000)
  from space 44544K, 99% used [0x00000000f0f80000,0x00000000f3af8ae8,0x00000000f3b00000)
  to   space 55296K, 0% used [0x00000000ed980000,0x00000000ed980000,0x00000000f0f80000)
 ParOldGen       total 124928K, used 100184K [0x00000000a0000000, 0x00000000a7a00000, 0x00000000e0000000)
  object space 124928K, 80% used [0x00000000a0000000,0x00000000a61d62f8,0x00000000a7a00000)
 Metaspace       used 69734K, capacity 71874K, committed 71984K, reserved 1112064K
  class space    used 8978K, capacity 9427K, committed 9520K, reserved 1048576K
}
Event: 342.637 GC heap before
{Heap before GC invocations=18 (full 4):
 PSYoungGen      total 267264K, used 44514K [0x00000000e0000000, 0x00000000f4900000, 0x0000000100000000)
  eden space 222720K, 0% used [0x00000000e0000000,0x00000000e0000000,0x00000000ed980000)
  from space 44544K, 99% used [0x00000000f0f80000,0x00000000f3af8ae8,0x00000000f3b00000)
  to   space 55296K, 0% used [0x00000000ed980000,0x00000000ed980000,0x00000000f0f80000)
 ParOldGen       total 124928K, used 100184K [0x00000000a0000000, 0x00000000a7a00000, 0x00000000e0000000)
  object space 124928K, 80% used [0x00000000a0000000,0x00000000a61d62f8,0x00000000a7a00000)
 Metaspace       used 69734K, capacity 71874K, committed 71984K, reserved 1112064K
  class space    used 8978K, capacity 9427K, committed 9520K, reserved 1048576K
Event: 343.803 GC heap after
Heap after GC invocations=18 (full 4):
 PSYoungGen      total 267264K, used 4560K [0x00000000e0000000, 0x00000000f4900000, 0x0000000100000000)
  eden space 222720K, 0% used [0x00000000e0000000,0x00000000e0000000,0x00000000ed980000)
  from space 44544K, 10% used [0x00000000f0f80000,0x00000000f13f4030,0x00000000f3b00000)
  to   space 55296K, 0% used [0x00000000ed980000,0x00000000ed980000,0x00000000f0f80000)
 ParOldGen       total 246784K, used 124922K [0x00000000a0000000, 0x00000000af100000, 0x00000000e0000000)
  object space 246784K, 50% used [0x00000000a0000000,0x00000000a79fe848,0x00000000af100000)
 Metaspace       used 69734K, capacity 71874K, committed 71984K, reserved 1112064K
  class space    used 8978K, capacity 9427K, committed 9520K, reserved 1048576K
}
Event: 348.942 GC heap before
{Heap before GC invocations=19 (full 4):
 PSYoungGen      total 267264K, used 227280K [0x00000000e0000000, 0x00000000f4900000, 0x0000000100000000)
  eden space 222720K, 100% used [0x00000000e0000000,0x00000000ed980000,0x00000000ed980000)
  from space 44544K, 10% used [0x00000000f0f80000,0x00000000f13f4030,0x00000000f3b00000)
  to   space 55296K, 0% used [0x00000000ed980000,0x00000000ed980000,0x00000000f0f80000)
 ParOldGen       total 246784K, used 124922K [0x00000000a0000000, 0x00000000af100000, 0x00000000e0000000)
  object space 246784K, 50% used [0x00000000a0000000,0x00000000a79fe848,0x00000000af100000)
 Metaspace       used 73321K, capacity 75526K, committed 75696K, reserved 1116160K
  class space    used 9397K, capacity 9877K, committed 9904K, reserved 1048576K
Event: 349.173 GC heap after
Heap after GC invocations=19 (full 4):
 PSYoungGen      total 278016K, used 55294K [0x00000000e0000000, 0x00000000fbf00000, 0x0000000100000000)
  eden space 222720K, 0% used [0x00000000e0000000,0x00000000e0000000,0x00000000ed980000)
  from space 55296K, 99% used [0x00000000ed980000,0x00000000f0f7f810,0x00000000f0f80000)
  to   space 77824K, 0% used [0x00000000f7300000,0x00000000f7300000,0x00000000fbf00000)
 ParOldGen       total 246784K, used 160892K [0x00000000a0000000, 0x00000000af100000, 0x00000000e0000000)
  object space 246784K, 65% used [0x00000000a0000000,0x00000000a9d1f248,0x00000000af100000)
 Metaspace       used 73321K, capacity 75526K, committed 75696K, reserved 1116160K
  class space    used 9397K, capacity 9877K, committed 9904K, reserved 1048576K
}
Event: 354.337 GC heap before
{Heap before GC invocations=20 (full 4):
 PSYoungGen      total 278016K, used 278014K [0x00000000e0000000, 0x00000000fbf00000, 0x0000000100000000)
  eden space 222720K, 100% used [0x00000000e0000000,0x00000000ed980000,0x00000000ed980000)
  from space 55296K, 99% used [0x00000000ed980000,0x00000000f0f7f810,0x00000000f0f80000)
  to   space 77824K, 0% used [0x00000000f7300000,0x00000000f7300000,0x00000000fbf00000)
 ParOldGen       total 246784K, used 160892K [0x00000000a0000000, 0x00000000af100000, 0x00000000e0000000)
  object space 246784K, 65% used [0x00000000a0000000,0x00000000a9d1f248,0x00000000af100000)
 Metaspace       used 74718K, capacity 77118K, committed 77232K, reserved 1116160K
  class space    used 9550K, capacity 10049K, committed 10160K, reserved 1048576K
Event: 354.526 GC heap after
Heap after GC invocations=20 (full 4):
 PSYoungGen      total 382976K, used 16921K [0x00000000e0000000, 0x00000000fc100000, 0x0000000100000000)
  eden space 305152K, 0% used [0x00000000e0000000,0x00000000e0000000,0x00000000f2a00000)
  from space 77824K, 21% used [0x00000000f7300000,0x00000000f8386780,0x00000000fbf00000)
  to   space 74752K, 0% used [0x00000000f2a00000,0x00000000f2a00000,0x00000000f7300000)
 ParOldGen       total 246784K, used 213056K [0x00000000a0000000, 0x00000000af100000, 0x00000000e0000000)
  object space 246784K, 86% used [0x00000000a0000000,0x00000000ad010148,0x00000000af100000)
 Metaspace       used 74718K, capacity 77118K, committed 77232K, reserved 1116160K
  class space    used 9550K, capacity 10049K, committed 10160K, reserved 1048576K
}
Event: 354.526 GC heap before
{Heap before GC invocations=21 (full 5):
 PSYoungGen      total 382976K, used 16921K [0x00000000e0000000, 0x00000000fc100000, 0x0000000100000000)
  eden space 305152K, 0% used [0x00000000e0000000,0x00000000e0000000,0x00000000f2a00000)
  from space 77824K, 21% used [0x00000000f7300000,0x00000000f8386780,0x00000000fbf00000)
  to   space 74752K, 0% used [0x00000000f2a00000,0x00000000f2a00000,0x00000000f7300000)
 ParOldGen       total 246784K, used 213056K [0x00000000a0000000, 0x00000000af100000, 0x00000000e0000000)
  object space 246784K, 86% used [0x00000000a0000000,0x00000000ad010148,0x00000000af100000)
 Metaspace       used 74718K, capacity 77118K, committed 77232K, reserved 1116160K
  class space    used 9550K, capacity 10049K, committed 10160K, reserved 1048576K

