# JRE version: OpenJDK Runtime Environment (8.0_112-b06) (build 1.8.0_112-release-b06)
# Java VM: OpenJDK 64-Bit Server VM (25.112-b06 mixed mode linux-amd64 compressed oops)
Heap:
 PSYoungGen      total 397312K, used 30108K [0x00000000e0000000, 0x0000000100000000, 0x0000000100000000)
  eden space 270336K, 0% used [0x00000000e0000000,0x00000000e0000000,0x00000000f0800000)
  from space 126976K, 23% used [0x00000000f0800000,0x00000000f2567150,0x00000000f8400000)
  to   space 122880K, 0% used [0x00000000f8800000,0x00000000f8800000,0x0000000100000000)
 ParOldGen       total 576000K, used 508551K [0x00000000a0000000, 0x00000000c3280000, 0x00000000e0000000)
  object space 576000K, 88% used [0x00000000a0000000,0x00000000bf0a1cf8,0x00000000c3280000)
 Metaspace       used 85963K, capacity 88902K, committed 89112K, reserved 1126400K
  class space    used 10701K, capacity 11288K, committed 11312K, reserved 1048576K
GC Heap History (10 events):
Event: 647.922 GC heap after
Heap after GC invocations=29 (full 6):
 PSYoungGen      total 414720K, used 0K [0x00000000e0000000, 0x0000000100000000, 0x0000000100000000)
  eden space 305152K, 0% used [0x00000000e0000000,0x00000000e0000000,0x00000000f2a00000)
  from space 109568K, 0% used [0x00000000f2a00000,0x00000000f2a00000,0x00000000f9500000)
  to   space 103936K, 0% used [0x00000000f9a80000,0x00000000f9a80000,0x0000000100000000)
 ParOldGen       total 576000K, used 368166K [0x00000000a0000000, 0x00000000c3280000, 0x00000000e0000000)
  object space 576000K, 63% used [0x00000000a0000000,0x00000000b6789b30,0x00000000c3280000)
 Metaspace       used 82051K, capacity 84682K, committed 84888K, reserved 1124352K
  class space    used 10264K, capacity 10806K, committed 10928K, reserved 1048576K
}
Event: 649.578 GC heap before
{Heap before GC invocations=30 (full 6):
 PSYoungGen      total 414720K, used 305152K [0x00000000e0000000, 0x0000000100000000, 0x0000000100000000)
  eden space 305152K, 100% used [0x00000000e0000000,0x00000000f2a00000,0x00000000f2a00000)
  from space 109568K, 0% used [0x00000000f2a00000,0x00000000f2a00000,0x00000000f9500000)
  to   space 103936K, 0% used [0x00000000f9a80000,0x00000000f9a80000,0x0000000100000000)
 ParOldGen       total 576000K, used 368166K [0x00000000a0000000, 0x00000000c3280000, 0x00000000e0000000)
  object space 576000K, 63% used [0x00000000a0000000,0x00000000b6789b30,0x00000000c3280000)
 Metaspace       used 82062K, capacity 84682K, committed 84888K, reserved 1124352K
  class space    used 10264K, capacity 10806K, committed 10928K, reserved 1048576K
Event: 649.714 GC heap after
Heap after GC invocations=30 (full 6):
 PSYoungGen      total 409088K, used 59089K [0x00000000e0000000, 0x00000000ffa80000, 0x0000000100000000)
  eden space 310784K, 0% used [0x00000000e0000000,0x00000000e0000000,0x00000000f2f80000)
  from space 98304K, 60% used [0x00000000f9a80000,0x00000000fd434478,0x00000000ffa80000)
  to   space 103936K, 0% used [0x00000000f2f80000,0x00000000f2f80000,0x00000000f9500000)
 ParOldGen       total 576000K, used 368166K [0x00000000a0000000, 0x00000000c3280000, 0x00000000e0000000)
  object space 576000K, 63% used [0x00000000a0000000,0x00000000b6789b30,0x00000000c3280000)
 Metaspace       used 82062K, capacity 84682K, committed 84888K, reserved 1124352K
  class space    used 10264K, capacity 10806K, committed 10928K, reserved 1048576K
}
Event: 847.980 GC heap before
{Heap before GC invocations=31 (full 6):
 PSYoungGen      total 409088K, used 369873K [0x00000000e0000000, 0x00000000ffa80000, 0x0000000100000000)
  eden space 310784K, 100% used [0x00000000e0000000,0x00000000f2f80000,0x00000000f2f80000)
  from space 98304K, 60% used [0x00000000f9a80000,0x00000000fd434478,0x00000000ffa80000)
  to   space 103936K, 0% used [0x00000000f2f80000,0x00000000f2f80000,0x00000000f9500000)
 ParOldGen       total 576000K, used 368166K [0x00000000a0000000, 0x00000000c3280000, 0x00000000e0000000)
  object space 576000K, 63% used [0x00000000a0000000,0x00000000b6789b30,0x00000000c3280000)
 Metaspace       used 82291K, capacity 85034K, committed 85144K, reserved 1124352K
  class space    used 10278K, capacity 10826K, committed 10928K, reserved 1048576K
Event: 848.061 GC heap after
Heap after GC invocations=31 (full 6):
 PSYoungGen      total 414720K, used 18134K [0x00000000e0000000, 0x0000000100000000, 0x0000000100000000)
  eden space 310784K, 0% used [0x00000000e0000000,0x00000000e0000000,0x00000000f2f80000)
  from space 103936K, 17% used [0x00000000f2f80000,0x00000000f4135ba8,0x00000000f9500000)
  to   space 102400K, 0% used [0x00000000f9c00000,0x00000000f9c00000,0x0000000100000000)
 ParOldGen       total 576000K, used 390639K [0x00000000a0000000, 0x00000000c3280000, 0x00000000e0000000)
  object space 576000K, 67% used [0x00000000a0000000,0x00000000b7d7bf68,0x00000000c3280000)
 Metaspace       used 82291K, capacity 85034K, committed 85144K, reserved 1124352K
  class space    used 10278K, capacity 10826K, committed 10928K, reserved 1048576K
}
Event: 855.448 GC heap before
{Heap before GC invocations=32 (full 6):
 PSYoungGen      total 414720K, used 328918K [0x00000000e0000000, 0x0000000100000000, 0x0000000100000000)
  eden space 310784K, 100% used [0x00000000e0000000,0x00000000f2f80000,0x00000000f2f80000)
  from space 103936K, 17% used [0x00000000f2f80000,0x00000000f4135ba8,0x00000000f9500000)
  to   space 102400K, 0% used [0x00000000f9c00000,0x00000000f9c00000,0x0000000100000000)
 ParOldGen       total 576000K, used 390639K [0x00000000a0000000, 0x00000000c3280000, 0x00000000e0000000)
  object space 576000K, 67% used [0x00000000a0000000,0x00000000b7d7bf68,0x00000000c3280000)
 Metaspace       used 85870K, capacity 88706K, committed 88856K, reserved 1126400K
  class space    used 10701K, capacity 11288K, committed 11312K, reserved 1048576K
Event: 855.824 GC heap after
Heap after GC invocations=32 (full 6):
 PSYoungGen      total 372736K, used 102398K [0x00000000e0000000, 0x0000000100000000, 0x0000000100000000)
  eden space 270336K, 0% used [0x00000000e0000000,0x00000000e0000000,0x00000000f0800000)
  from space 102400K, 99% used [0x00000000f9c00000,0x00000000fffff9d8,0x0000000100000000)
  to   space 126976K, 0% used [0x00000000f0800000,0x00000000f0800000,0x00000000f8400000)
 ParOldGen       total 576000K, used 413223K [0x00000000a0000000, 0x00000000c3280000, 0x00000000e0000000)
  object space 576000K, 71% used [0x00000000a0000000,0x00000000b9389ec0,0x00000000c3280000)
 Metaspace       used 85870K, capacity 88706K, committed 88856K, reserved 1126400K
  class space    used 10701K, capacity 11288K, committed 11312K, reserved 1048576K
}
Event: 859.514 GC heap before
{Heap before GC invocations=33 (full 6):
 PSYoungGen      total 372736K, used 372734K [0x00000000e0000000, 0x0000000100000000, 0x0000000100000000)
  eden space 270336K, 100% used [0x00000000e0000000,0x00000000f0800000,0x00000000f0800000)
  from space 102400K, 99% used [0x00000000f9c00000,0x00000000fffff9d8,0x0000000100000000)
  to   space 126976K, 0% used [0x00000000f0800000,0x00000000f0800000,0x00000000f8400000)
 ParOldGen       total 576000K, used 413223K [0x00000000a0000000, 0x00000000c3280000, 0x00000000e0000000)
  object space 576000K, 71% used [0x00000000a0000000,0x00000000b9389ec0,0x00000000c3280000)
 Metaspace       used 85963K, capacity 88902K, committed 89112K, reserved 1126400K
  class space    used 10701K, capacity 11288K, committed 11312K, reserved 1048576K
Event: 860.198 GC heap after
Heap after GC invocations=33 (full 6):
 PSYoungGen      total 397312K, used 30108K [0x00000000e0000000, 0x0000000100000000, 0x0000000100000000)
  eden space 270336K, 0% used [0x00000000e0000000,0x00000000e0000000,0x00000000f0800000)
  from space 126976K, 23% used [0x00000000f0800000,0x00000000f2567150,0x00000000f8400000)
  to   space 122880K, 0% used [0x00000000f8800000,0x00000000f8800000,0x0000000100000000)
 ParOldGen       total 576000K, used 508551K [0x00000000a0000000, 0x00000000c3280000, 0x00000000e0000000)
  object space 576000K, 88% used [0x00000000a0000000,0x00000000bf0a1cf8,0x00000000c3280000)
 Metaspace       used 85963K, capacity 88902K, committed 89112K, reserved 1126400K
  class space    used 10701K, capacity 11288K, committed 11312K, reserved 1048576K
}
Event: 860.919 GC heap before
{Heap before GC invocations=34 (full 7):
 PSYoungGen      total 397312K, used 30108K [0x00000000e0000000, 0x0000000100000000, 0x0000000100000000)
  eden space 270336K, 0% used [0x00000000e0000000,0x00000000e0000000,0x00000000f0800000)
  from space 126976K, 23% used [0x00000000f0800000,0x00000000f2567150,0x00000000f8400000)
  to   space 122880K, 0% used [0x00000000f8800000,0x00000000f8800000,0x0000000100000000)
 ParOldGen       total 576000K, used 508551K [0x00000000a0000000, 0x00000000c3280000, 0x00000000e0000000)
  object space 576000K, 88% used [0x00000000a0000000,0x00000000bf0a1cf8,0x00000000c3280000)
 Metaspace       used 85963K, capacity 88902K, committed 89112K, reserved 1126400K
  class space    used 10701K, capacity 11288K, committed 11312K, reserved 1048576K

