# JRE version: OpenJDK Runtime Environment (8.0_112-b06) (build 1.8.0_112-release-b06)
# Java VM: OpenJDK 64-Bit Server VM (25.112-b06 mixed mode linux-amd64 compressed oops)
Heap:
 PSYoungGen      total 198656K, used 198637K [0x00000000e0000000, 0x00000000f0d00000, 0x0000000100000000)
  eden space 170496K, 100% used [0x00000000e0000000,0x00000000ea680000,0x00000000ea680000)
  from space 28160K, 99% used [0x00000000ea680000,0x00000000ec1fb4d0,0x00000000ec200000)
  to   space 36352K, 99% used [0x00000000ee980000,0x00000000f0cfdee8,0x00000000f0d00000)
 ParOldGen       total 132608K, used 92169K [0x00000000a0000000, 0x00000000a8180000, 0x00000000e0000000)
  object space 132608K, 69% used [0x00000000a0000000,0x00000000a5a02788,0x00000000a8180000)
 Metaspace       used 68644K, capacity 70734K, committed 70960K, reserved 1112064K
  class space    used 8736K, capacity 9204K, committed 9264K, reserved 1048576K
GC Heap History (10 events):
Event: 27.524 GC heap after
Heap after GC invocations=16 (full 2):
 PSYoungGen      total 174080K, used 18680K [0x00000000e0000000, 0x00000000ec380000, 0x0000000100000000)
  eden space 152064K, 0% used [0x00000000e0000000,0x00000000e0000000,0x00000000e9480000)
  from space 22016K, 84% used [0x00000000ead00000,0x00000000ebf3e1b8,0x00000000ec280000)
  to   space 24064K, 0% used [0x00000000e9480000,0x00000000e9480000,0x00000000eac00000)
 ParOldGen       total 88064K, used 34056K [0x00000000a0000000, 0x00000000a5600000, 0x00000000e0000000)
  object space 88064K, 38% used [0x00000000a0000000,0x00000000a21421d0,0x00000000a5600000)
 Metaspace       used 53455K, capacity 55074K, committed 55344K, reserved 1097728K
  class space    used 7060K, capacity 7454K, committed 7472K, reserved 1048576K
}
Event: 63.390 GC heap before
{Heap before GC invocations=17 (full 2):
 PSYoungGen      total 174080K, used 170744K [0x00000000e0000000, 0x00000000ec380000, 0x0000000100000000)
  eden space 152064K, 100% used [0x00000000e0000000,0x00000000e9480000,0x00000000e9480000)
  from space 22016K, 84% used [0x00000000ead00000,0x00000000ebf3e1b8,0x00000000ec280000)
  to   space 24064K, 0% used [0x00000000e9480000,0x00000000e9480000,0x00000000eac00000)
 ParOldGen       total 88064K, used 34056K [0x00000000a0000000, 0x00000000a5600000, 0x00000000e0000000)
  object space 88064K, 38% used [0x00000000a0000000,0x00000000a21421d0,0x00000000a5600000)
 Metaspace       used 56842K, capacity 58638K, committed 58800K, reserved 1099776K
  class space    used 7384K, capacity 7786K, committed 7856K, reserved 1048576K
Event: 63.441 GC heap after
Heap after GC invocations=17 (full 2):
 PSYoungGen      total 176128K, used 20920K [0x00000000e0000000, 0x00000000edc00000, 0x0000000100000000)
  eden space 152064K, 0% used [0x00000000e0000000,0x00000000e0000000,0x00000000e9480000)
  from space 24064K, 86% used [0x00000000e9480000,0x00000000ea8ee260,0x00000000eac00000)
  to   space 26624K, 0% used [0x00000000ec200000,0x00000000ec200000,0x00000000edc00000)
 ParOldGen       total 88064K, used 34064K [0x00000000a0000000, 0x00000000a5600000, 0x00000000e0000000)
  object space 88064K, 38% used [0x00000000a0000000,0x00000000a21441d0,0x00000000a5600000)
 Metaspace       used 56842K, capacity 58638K, committed 58800K, reserved 1099776K
  class space    used 7384K, capacity 7786K, committed 7856K, reserved 1048576K
}
Event: 64.000 GC heap before
{Heap before GC invocations=18 (full 2):
 PSYoungGen      total 176128K, used 61238K [0x00000000e0000000, 0x00000000edc00000, 0x0000000100000000)
  eden space 152064K, 26% used [0x00000000e0000000,0x00000000e275f5a0,0x00000000e9480000)
  from space 24064K, 86% used [0x00000000e9480000,0x00000000ea8ee260,0x00000000eac00000)
  to   space 26624K, 0% used [0x00000000ec200000,0x00000000ec200000,0x00000000edc00000)
 ParOldGen       total 88064K, used 34064K [0x00000000a0000000, 0x00000000a5600000, 0x00000000e0000000)
  object space 88064K, 38% used [0x00000000a0000000,0x00000000a21441d0,0x00000000a5600000)
 Metaspace       used 57325K, capacity 59118K, committed 59160K, reserved 1101824K
  class space    used 7436K, capacity 7840K, committed 7856K, reserved 1048576K
Event: 64.058 GC heap after
Heap after GC invocations=18 (full 2):
 PSYoungGen      total 197120K, used 20686K [0x00000000e0000000, 0x00000000ef380000, 0x0000000100000000)
  eden space 170496K, 0% used [0x00000000e0000000,0x00000000e0000000,0x00000000ea680000)
  from space 26624K, 77% used [0x00000000ec200000,0x00000000ed6338f8,0x00000000edc00000)
  to   space 28160K, 0% used [0x00000000ea680000,0x00000000ea680000,0x00000000ec200000)
 ParOldGen       total 88064K, used 34072K [0x00000000a0000000, 0x00000000a5600000, 0x00000000e0000000)
  object space 88064K, 38% used [0x00000000a0000000,0x00000000a21461d0,0x00000000a5600000)
 Metaspace       used 57325K, capacity 59118K, committed 59160K, reserved 1101824K
  class space    used 7436K, capacity 7840K, committed 7856K, reserved 1048576K
}
Event: 64.058 GC heap before
{Heap before GC invocations=19 (full 3):
 PSYoungGen      total 197120K, used 20686K [0x00000000e0000000, 0x00000000ef380000, 0x0000000100000000)
  eden space 170496K, 0% used [0x00000000e0000000,0x00000000e0000000,0x00000000ea680000)
  from space 26624K, 77% used [0x00000000ec200000,0x00000000ed6338f8,0x00000000edc00000)
  to   space 28160K, 0% used [0x00000000ea680000,0x00000000ea680000,0x00000000ec200000)
 ParOldGen       total 88064K, used 34072K [0x00000000a0000000, 0x00000000a5600000, 0x00000000e0000000)
  object space 88064K, 38% used [0x00000000a0000000,0x00000000a21461d0,0x00000000a5600000)
 Metaspace       used 57325K, capacity 59118K, committed 59160K, reserved 1101824K
  class space    used 7436K, capacity 7840K, committed 7856K, reserved 1048576K
Event: 64.424 GC heap after
Heap after GC invocations=19 (full 3):
 PSYoungGen      total 197120K, used 0K [0x00000000e0000000, 0x00000000ef380000, 0x0000000100000000)
  eden space 170496K, 0% used [0x00000000e0000000,0x00000000e0000000,0x00000000ea680000)
  from space 26624K, 0% used [0x00000000ec200000,0x00000000ec200000,0x00000000edc00000)
  to   space 28160K, 0% used [0x00000000ea680000,0x00000000ea680000,0x00000000ec200000)
 ParOldGen       total 132608K, used 35437K [0x00000000a0000000, 0x00000000a8180000, 0x00000000e0000000)
  object space 132608K, 26% used [0x00000000a0000000,0x00000000a229b7c8,0x00000000a8180000)
 Metaspace       used 57323K, capacity 59112K, committed 59160K, reserved 1101824K
  class space    used 7436K, capacity 7839K, committed 7856K, reserved 1048576K
}
Event: 70.791 GC heap before
{Heap before GC invocations=20 (full 3):
 PSYoungGen      total 197120K, used 170496K [0x00000000e0000000, 0x00000000ef380000, 0x0000000100000000)
  eden space 170496K, 100% used [0x00000000e0000000,0x00000000ea680000,0x00000000ea680000)
  from space 26624K, 0% used [0x00000000ec200000,0x00000000ec200000,0x00000000edc00000)
  to   space 28160K, 0% used [0x00000000ea680000,0x00000000ea680000,0x00000000ec200000)
 ParOldGen       total 132608K, used 35437K [0x00000000a0000000, 0x00000000a8180000, 0x00000000e0000000)
  object space 132608K, 26% used [0x00000000a0000000,0x00000000a229b7c8,0x00000000a8180000)
 Metaspace       used 64351K, capacity 66418K, committed 66608K, reserved 1107968K
  class space    used 8268K, capacity 8674K, committed 8752K, reserved 1048576K
Event: 70.839 GC heap after
Heap after GC invocations=20 (full 3):
 PSYoungGen      total 198656K, used 28141K [0x00000000e0000000, 0x00000000f0d00000, 0x0000000100000000)
  eden space 170496K, 0% used [0x00000000e0000000,0x00000000e0000000,0x00000000ea680000)
  from space 28160K, 99% used [0x00000000ea680000,0x00000000ec1fb4d0,0x00000000ec200000)
  to   space 36352K, 0% used [0x00000000ee980000,0x00000000ee980000,0x00000000f0d00000)
 ParOldGen       total 132608K, used 45683K [0x00000000a0000000, 0x00000000a8180000, 0x00000000e0000000)
  object space 132608K, 34% used [0x00000000a0000000,0x00000000a2c9cf90,0x00000000a8180000)
 Metaspace       used 64351K, capacity 66418K, committed 66608K, reserved 1107968K
  class space    used 8268K, capacity 8674K, committed 8752K, reserved 1048576K
}
Event: 75.145 GC heap before
{Heap before GC invocations=21 (full 3):
 PSYoungGen      total 198656K, used 198637K [0x00000000e0000000, 0x00000000f0d00000, 0x0000000100000000)
  eden space 170496K, 100% used [0x00000000e0000000,0x00000000ea680000,0x00000000ea680000)
  from space 28160K, 99% used [0x00000000ea680000,0x00000000ec1fb4d0,0x00000000ec200000)
  to   space 36352K, 0% used [0x00000000ee980000,0x00000000ee980000,0x00000000f0d00000)
 ParOldGen       total 132608K, used 45683K [0x00000000a0000000, 0x00000000a8180000, 0x00000000e0000000)
  object space 132608K, 34% used [0x00000000a0000000,0x00000000a2c9cf90,0x00000000a8180000)
 Metaspace       used 68644K, capacity 70734K, committed 70960K, reserved 1112064K
  class space    used 8736K, capacity 9204K, committed 9264K, reserved 1048576K

